# JRE version: OpenJDK Runtime Environment (8.0_292-b10) (build 1.8.0_292-b10)
# Java VM: OpenJDK 64-Bit Server VM (25.292-b10 mixed mode windows-amd64 compressed oops)
Heap:
 PSYoungGen      total 305664K, used 30195K [0x00000000eab00000, 0x0000000100000000, 0x0000000100000000)
  eden space 262144K, 11% used [0x00000000eab00000,0x00000000ec87cc38,0x00000000fab00000)
  from space 43520K, 0% used [0x00000000fd580000,0x00000000fd580000,0x0000000100000000)
  to   space 43520K, 0% used [0x00000000fab00000,0x00000000fab00000,0x00000000fd580000)
 ParOldGen       total 699392K, used 51762K [0x00000000c0000000, 0x00000000eab00000, 0x00000000eab00000)
  object space 699392K, 7% used [0x00000000c0000000,0x00000000c328c9a8,0x00000000eab00000)
 Metaspace       used 35230K, capacity 35431K, committed 35752K, reserved 1081344K
  class space    used 4415K, capacity 4494K, committed 4520K, reserved 1048576K
GC Heap History (10 events):
Event: 1.292 GC heap before
{Heap before GC invocations=2 (full 1):
 PSYoungGen      total 305664K, used 9113K [0x00000000eab00000, 0x0000000100000000, 0x0000000100000000)
  eden space 262144K, 0% used [0x00000000eab00000,0x00000000eab00000,0x00000000fab00000)
  from space 43520K, 20% used [0x00000000fab00000,0x00000000fb3e6540,0x00000000fd580000)
  to   space 43520K, 0% used [0x00000000fd580000,0x00000000fd580000,0x0000000100000000)
 ParOldGen       total 699392K, used 80K [0x00000000c0000000, 0x00000000eab00000, 0x00000000eab00000)
  object space 699392K, 0% used [0x00000000c0000000,0x00000000c0014010,0x00000000eab00000)
 Metaspace       used 21153K, capacity 21232K, committed 21296K, reserved 1067008K
  class space    used 2906K, capacity 2936K, committed 2944K, reserved 1048576K
Event: 1.309 GC heap after
Heap after GC invocations=2 (full 1):
 PSYoungGen      total 305664K, used 0K [0x00000000eab00000, 0x0000000100000000, 0x0000000100000000)
  eden space 262144K, 0% used [0x00000000eab00000,0x00000000eab00000,0x00000000fab00000)
  from space 43520K, 0% used [0x00000000fab00000,0x00000000fab00000,0x00000000fd580000)
  to   space 43520K, 0% used [0x00000000fd580000,0x00000000fd580000,0x0000000100000000)
 ParOldGen       total 699392K, used 8866K [0x00000000c0000000, 0x00000000eab00000, 0x00000000eab00000)
  object space 699392K, 1% used [0x00000000c0000000,0x00000000c08a8a78,0x00000000eab00000)
 Metaspace       used 21153K, capacity 21232K, committed 21296K, reserved 1067008K
  class space    used 2906K, capacity 2936K, committed 2944K, reserved 1048576K
}
Event: 2.456 GC heap before
{Heap before GC invocations=3 (full 1):
 PSYoungGen      total 305664K, used 262144K [0x00000000eab00000, 0x0000000100000000, 0x0000000100000000)
  eden space 262144K, 100% used [0x00000000eab00000,0x00000000fab00000,0x00000000fab00000)
  from space 43520K, 0% used [0x00000000fab00000,0x00000000fab00000,0x00000000fd580000)
  to   space 43520K, 0% used [0x00000000fd580000,0x00000000fd580000,0x0000000100000000)
 ParOldGen       total 699392K, used 8866K [0x00000000c0000000, 0x00000000eab00000, 0x00000000eab00000)
  object space 699392K, 1% used [0x00000000c0000000,0x00000000c08a8a78,0x00000000eab00000)
 Metaspace       used 28100K, capacity 28278K, committed 28544K, reserved 1073152K
  class space    used 3799K, capacity 3875K, committed 3968K, reserved 1048576K
Event: 2.464 GC heap after
Heap after GC invocations=3 (full 1):
 PSYoungGen      total 305664K, used 27222K [0x00000000eab00000, 0x0000000100000000, 0x0000000100000000)
  eden space 262144K, 0% used [0x00000000eab00000,0x00000000eab00000,0x00000000fab00000)
  from space 43520K, 62% used [0x00000000fd580000,0x00000000ff015930,0x0000000100000000)
  to   space 43520K, 0% used [0x00000000fab00000,0x00000000fab00000,0x00000000fd580000)
 ParOldGen       total 699392K, used 8874K [0x00000000c0000000, 0x00000000eab00000, 0x00000000eab00000)
  object space 699392K, 1% used [0x00000000c0000000,0x00000000c08aaa78,0x00000000eab00000)
 Metaspace       used 28100K, capacity 28278K, committed 28544K, reserved 1073152K
  class space    used 3799K, capacity 3875K, committed 3968K, reserved 1048576K
}
Event: 3.599 GC heap before
{Heap before GC invocations=4 (full 1):
 PSYoungGen      total 305664K, used 289366K [0x00000000eab00000, 0x0000000100000000, 0x0000000100000000)
  eden space 262144K, 100% used [0x00000000eab00000,0x00000000fab00000,0x00000000fab00000)
  from space 43520K, 62% used [0x00000000fd580000,0x00000000ff015930,0x0000000100000000)
  to   space 43520K, 0% used [0x00000000fab00000,0x00000000fab00000,0x00000000fd580000)
 ParOldGen       total 699392K, used 8874K [0x00000000c0000000, 0x00000000eab00000, 0x00000000eab00000)
  object space 699392K, 1% used [0x00000000c0000000,0x00000000c08aaa78,0x00000000eab00000)
 Metaspace       used 34608K, capacity 34823K, committed 35200K, reserved 1079296K
  class space    used 4363K, capacity 4462K, committed 4480K, reserved 1048576K
Event: 3.614 GC heap after
Heap after GC invocations=4 (full 1):
 PSYoungGen      total 305664K, used 43515K [0x00000000eab00000, 0x0000000100000000, 0x0000000100000000)
  eden space 262144K, 0% used [0x00000000eab00000,0x00000000eab00000,0x00000000fab00000)
  from space 43520K, 99% used [0x00000000fab00000,0x00000000fd57ee20,0x00000000fd580000)
  to   space 43520K, 0% used [0x00000000fd580000,0x00000000fd580000,0x0000000100000000)
 ParOldGen       total 699392K, used 10685K [0x00000000c0000000, 0x00000000eab00000, 0x00000000eab00000)
  object space 699392K, 1% used [0x00000000c0000000,0x00000000c0a6f5a8,0x00000000eab00000)
 Metaspace       used 34608K, capacity 34823K, committed 35200K, reserved 1079296K
  class space    used 4363K, capacity 4462K, committed 4480K, reserved 1048576K
}
Event: 3.819 GC heap before
{Heap before GC invocations=5 (full 1):
 PSYoungGen      total 305664K, used 138273K [0x00000000eab00000, 0x0000000100000000, 0x0000000100000000)
  eden space 262144K, 36% used [0x00000000eab00000,0x00000000f0789708,0x00000000fab00000)
  from space 43520K, 99% used [0x00000000fab00000,0x00000000fd57ee20,0x00000000fd580000)
  to   space 43520K, 0% used [0x00000000fd580000,0x00000000fd580000,0x0000000100000000)
 ParOldGen       total 699392K, used 10685K [0x00000000c0000000, 0x00000000eab00000, 0x00000000eab00000)
  object space 699392K, 1% used [0x00000000c0000000,0x00000000c0a6f5a8,0x00000000eab00000)
 Metaspace       used 35035K, capacity 35239K, committed 35496K, reserved 1081344K
  class space    used 4398K, capacity 4494K, committed 4520K, reserved 1048576K
Event: 3.832 GC heap after
Heap after GC invocations=5 (full 1):
 PSYoungGen      total 305664K, used 43495K [0x00000000eab00000, 0x0000000100000000, 0x0000000100000000)
  eden space 262144K, 0% used [0x00000000eab00000,0x00000000eab00000,0x00000000fab00000)
  from space 43520K, 99% used [0x00000000fd580000,0x00000000ffff9d40,0x0000000100000000)
  to   space 43520K, 0% used [0x00000000fab00000,0x00000000fab00000,0x00000000fd580000)
 ParOldGen       total 699392K, used 11801K [0x00000000c0000000, 0x00000000eab00000, 0x00000000eab00000)
  object space 699392K, 1% used [0x00000000c0000000,0x00000000c0b866e0,0x00000000eab00000)
 Metaspace       used 35035K, capacity 35239K, committed 35496K, reserved 1081344K
  class space    used 4398K, capacity 4494K, committed 4520K, reserved 1048576K
}
Event: 3.832 GC heap before
{Heap before GC invocations=6 (full 2):
 PSYoungGen      total 305664K, used 43495K [0x00000000eab00000, 0x0000000100000000, 0x0000000100000000)
  eden space 262144K, 0% used [0x00000000eab00000,0x00000000eab00000,0x00000000fab00000)
  from space 43520K, 99% used [0x00000000fd580000,0x00000000ffff9d40,0x0000000100000000)
  to   space 43520K, 0% used [0x00000000fab00000,0x00000000fab00000,0x00000000fd580000)
 ParOldGen       total 699392K, used 11801K [0x00000000c0000000, 0x00000000eab00000, 0x00000000eab00000)
  object space 699392K, 1% used [0x00000000c0000000,0x00000000c0b866e0,0x00000000eab00000)
 Metaspace       used 35035K, capacity 35239K, committed 35496K, reserved 1081344K
  class space    used 4398K, capacity 4494K, committed 4520K, reserved 1048576K
Event: 3.892 GC heap after
Heap after GC invocations=6 (full 2):
 PSYoungGen      total 305664K, used 0K [0x00000000eab00000, 0x0000000100000000, 0x0000000100000000)
  eden space 262144K, 0% used [0x00000000eab00000,0x00000000eab00000,0x00000000fab00000)
  from space 43520K, 0% used [0x00000000fd580000,0x00000000fd580000,0x0000000100000000)
  to   space 43520K, 0% used [0x00000000fab00000,0x00000000fab00000,0x00000000fd580000)
 ParOldGen       total 699392K, used 51762K [0x00000000c0000000, 0x00000000eab00000, 0x00000000eab00000)
  object space 699392K, 7% used [0x00000000c0000000,0x00000000c328c9a8,0x00000000eab00000)
 Metaspace       used 35035K, capacity 35239K, committed 35496K, reserved 1081344K
  class space    used 4398K, capacity 4494K, committed 4520K, reserved 1048576K
}

